<?xml version="1.0" encoding="UTF-8"?>
<coverage generated="1748901872550" clover="3.2.0">
  <project timestamp="1748901872550" name="All files">
    <metrics statements="44" coveredstatements="44" conditionals="19" coveredconditionals="16" methods="8" coveredmethods="8" elements="71" coveredelements="68" complexity="0" loc="44" ncloc="44" packages="1" files="1" classes="1"/>
    <file name="UserManagementPanel.tsx" path="/project/sandbox/user-workspace/src/components/UserManagementPanel.tsx">
      <metrics statements="44" coveredstatements="44" conditionals="19" coveredconditionals="16" methods="8" coveredmethods="8"/>
      <line num="15" count="1" type="stmt"/>
      <line num="17" count="1" type="stmt"/>
      <line num="18" count="29" type="stmt"/>
      <line num="19" count="29" type="stmt"/>
      <line num="20" count="29" type="stmt"/>
      <line num="26" count="29" type="stmt"/>
      <line num="27" count="29" type="stmt"/>
      <line num="29" count="29" type="stmt"/>
      <line num="30" count="8" type="stmt"/>
      <line num="31" count="8" type="stmt"/>
      <line num="32" count="8" type="stmt"/>
      <line num="35" count="6" type="cond" truecount="1" falsecount="1"/>
      <line num="36" count="6" type="stmt"/>
      <line num="37" count="6" type="stmt"/>
      <line num="39" count="1" type="stmt"/>
      <line num="41" count="7" type="stmt"/>
      <line num="45" count="29" type="stmt"/>
      <line num="46" count="7" type="stmt"/>
      <line num="49" count="29" type="stmt"/>
      <line num="50" count="6" type="stmt"/>
      <line num="51" count="6" type="stmt"/>
      <line num="52" count="6" type="stmt"/>
      <line num="55" count="29" type="stmt"/>
      <line num="56" count="3" type="stmt"/>
      <line num="57" count="3" type="stmt"/>
      <line num="58" count="3" type="cond" truecount="5" falsecount="0"/>
      <line num="59" count="1" type="stmt"/>
      <line num="60" count="1" type="stmt"/>
      <line num="62" count="2" type="stmt"/>
      <line num="63" count="2" type="stmt"/>
      <line num="71" count="2" type="cond" truecount="2" falsecount="0"/>
      <line num="72" count="1" type="stmt"/>
      <line num="73" count="1" type="cond" truecount="1" falsecount="1"/>
      <line num="75" count="1" type="stmt"/>
      <line num="76" count="1" type="stmt"/>
      <line num="77" count="1" type="stmt"/>
      <line num="79" count="1" type="stmt"/>
      <line num="83" count="29" type="stmt"/>
      <line num="84" count="16" type="stmt"/>
      <line num="85" count="16" type="stmt"/>
      <line num="101" count="29" type="stmt"/>
      <line num="109" count="3" type="stmt"/>
      <line num="110" count="3" type="stmt"/>
      <line num="159" count="116" type="stmt"/>
    </file>
  </project>
</coverage>
