TN:
SF:src/components/UserManagementPanel.tsx
FN:17,(anonymous_0)
FN:29,(anonymous_1)
FN:45,(anonymous_2)
FN:49,(anonymous_3)
FN:55,(anonymous_4)
FN:83,(anonymous_5)
FN:108,(anonymous_6)
FN:158,(anonymous_7)
FNF:8
FNH:8
FNDA:29,(anonymous_0)
FNDA:8,(anonymous_1)
FNDA:7,(anonymous_2)
FNDA:6,(anonymous_3)
FNDA:3,(anonymous_4)
FNDA:16,(anonymous_5)
FNDA:3,(anonymous_6)
FNDA:116,(anonymous_7)
DA:15,1
DA:17,1
DA:18,29
DA:19,29
DA:20,29
DA:26,29
DA:27,29
DA:29,29
DA:30,8
DA:31,8
DA:32,8
DA:35,6
DA:36,6
DA:37,6
DA:39,1
DA:41,7
DA:45,29
DA:46,7
DA:49,29
DA:50,6
DA:51,6
DA:52,6
DA:55,29
DA:56,3
DA:57,3
DA:58,3
DA:59,1
DA:60,1
DA:62,2
DA:63,2
DA:71,2
DA:72,1
DA:73,1
DA:75,1
DA:76,1
DA:77,1
DA:79,1
DA:83,29
DA:84,16
DA:85,16
DA:101,29
DA:109,3
DA:110,3
DA:159,116
LF:44
LH:44
BRDA:35,0,0,0
BRDA:35,0,1,6
BRDA:58,1,0,1
BRDA:58,1,1,2
BRDA:58,2,0,3
BRDA:58,2,1,2
BRDA:58,2,2,2
BRDA:71,3,0,1
BRDA:71,3,1,1
BRDA:73,4,0,1
BRDA:73,4,1,0
BRDA:96,5,0,0
BRDA:96,5,1,16
BRDA:104,6,0,29
BRDA:104,6,1,3
BRDA:105,7,0,29
BRDA:105,7,1,1
BRDA:200,8,0,12
BRDA:200,8,1,17
BRF:19
BRH:16
end_of_record
